<html>
<head>
<title>TestNG:  OPD_Reg_Encounter_ADT_OP_TO_IP_COnvert_Add_Deposit_Add_Against_Patient_Refund_AMT</title>
<link href="../testng.css" rel="stylesheet" type="text/css" />
<link href="../my-testng.css" rel="stylesheet" type="text/css" />

<style type="text/css">
.log { display: none;} 
.stack-trace { display: none;} 
</style>
<script type="text/javascript">
<!--
function flip(e) {
  current = e.style.display;
  if (current == 'block') {
    e.style.display = 'none';
    return 0;
  }
  else {
    e.style.display = 'block';
    return 1;
  }
}

function toggleBox(szDivId, elem, msg1, msg2)
{
  var res = -1;  if (document.getElementById) {
    res = flip(document.getElementById(szDivId));
  }
  else if (document.all) {
    // this is the way old msie versions work
    res = flip(document.all[szDivId]);
  }
  if(elem) {
    if(res == 0) elem.innerHTML = msg1; else elem.innerHTML = msg2;
  }

}

function toggleAllBoxes() {
  if (document.getElementsByTagName) {
    d = document.getElementsByTagName('div');
    for (i = 0; i < d.length; i++) {
      if (d[i].className == 'log') {
        flip(d[i]);
      }
    }
  }
}

// -->
</script>

</head>
<body>
<h2 align='center'>OPD_Reg_Encounter_ADT_OP_TO_IP_COnvert_Add_Deposit_Add_Against_Patient_Refund_AMT</h2><table border='1' align="center">
<tr>
<td>Tests passed/Failed/Skipped:</td><td>4/1/0</td>
</tr><tr>
<td>Started on:</td><td>Thu Dec 21 16:46:27 IST 2023</td>
</tr>
<tr><td>Total time:</td><td>745 seconds (745977 ms)</td>
</tr><tr>
<td>Included groups:</td><td></td>
</tr><tr>
<td>Excluded groups:</td><td></td>
</tr>
</table><p/>
<small><i>(Hover the method name to see the test class name)</i></small><p/>
<table width='100%' border='1' class='invocation-failed'>
<tr><td colspan='4' align='center'><b>FAILED CONFIGURATIONS</b></td></tr>
<tr><td><b>Test method</b></td>
<td><b>Attribute(s)</b></td>
<td width="30%"><b>Exception</b></td>
<td width="10%"><b>Time (seconds)</b></td>
<td><b>Instance</b></td>
</tr>
<tr>
<td title='BillingTest.OPD_Reg_Encounter_ADT_OP_TO_IP_COnvert_Add_Deposit_Add_Against_Patient_Refund_AMT.FailedScreenShot()'><b>FailedScreenShot</b><br>Test class: BillingTest.OPD_Reg_Encounter_ADT_OP_TO_IP_COnvert_Add_Deposit_Add_Against_Patient_Refund_AMT<br>Parameters: [TestResult name=TC_05_Verify_Taht_User_is_Able_To_Add_Deposit_Against_Patient_And_Refund_Amount status=FAILURE method=OPD_Reg_Encounter_ADT_OP_TO_IP_COnvert_Add_Deposit_Add_Against_Patient_Refund_AMT.TC_05_Verify_Taht_User_is_Able_To_Add_Deposit_Against_Patient_And_Refund_Amount()[pri:5, instance:BillingTest.OPD_Reg_Encounter_ADT_OP_TO_IP_COnvert_Add_Deposit_Add_Against_Patient_Refund_AMT@662ac478] output={null}]</td>
<td><div><pre>org.openqa.selenium.NoSuchWindowException: no such window: target window already closed
from unknown error: web view not found
  (Session info: chrome=114.0.5735.199)
Build info: version: &apos;4.16.0&apos;, revision: &apos;15400459dd*&apos;
System info: os.name: &apos;Windows 11&apos;, os.arch: &apos;amd64&apos;, os.version: &apos;10.0&apos;, java.version: &apos;20.0.2&apos;
Driver info: org.openqa.selenium.chrome.ChromeDriver
Command: [6075701675ec582bcf6664d1c383a4e8, screenshot {}]
Capabilities {acceptInsecureCerts: false, browserName: chrome, browserVersion: 114.0.5735.199, chrome: {chromedriverVersion: 114.0.5735.90 (386bc09e8f4f..., userDataDir: C:\Users\Manisha\AppData\Lo...}, goog:chromeOptions: {debuggerAddress: localhost:58088}, networkConnectionEnabled: false, pageLoadStrategy: normal, platformName: windows, proxy: Proxy(), se:cdp: ws://localhost:58088/devtoo..., se:cdpVersion: 114.0.5735.199, setWindowRect: true, strictFileInteractability: false, timeouts: {implicit: 0, pageLoad: 300000, script: 30000}, unhandledPromptBehavior: dismiss and notify, webauthn:extension:credBlob: true, webauthn:extension:largeBlob: true, webauthn:extension:minPinLength: true, webauthn:extension:prf: true, webauthn:virtualAuthenticators: true}
Session ID: 6075701675ec582bcf6664d1c383a4e8
	at org.openqa.selenium.remote.codec.w3c.W3CHttpResponseCodec.createException(W3CHttpResponseCodec.java:200)
	at org.openqa.selenium.remote.codec.w3c.W3CHttpResponseCodec.decode(W3CHttpResponseCodec.java:133)
	at org.openqa.selenium.remote.codec.w3c.W3CHttpResponseCodec.decode(W3CHttpResponseCodec.java:52)
	at org.openqa.selenium.remote.HttpCommandExecutor.execute(HttpCommandExecutor.java:191)
	at org.openqa.selenium.remote.service.DriverCommandExecutor.invokeExecute(DriverCommandExecutor.java:200)
	at org.openqa.selenium.remote.service.DriverCommandExecutor.execute(DriverCommandExecutor.java:175)
	at org.openqa.selenium.remote.RemoteWebDriver.execute(RemoteWebDriver.java:523)
	at org.openqa.selenium.remote.RemoteWebDriver.execute(RemoteWebDriver.java:596)
	at org.openqa.selenium.remote.RemoteWebDriver.execute(RemoteWebDriver.java:600)
	at org.openqa.selenium.remote.RemoteWebDriver.getScreenshotAs(RemoteWebDriver.java:326)
	at BillingTest.OPD_Reg_Encounter_ADT_OP_TO_IP_COnvert_Add_Deposit_Add_Against_Patient_Refund_AMT.FailedScreenShot(OPD_Reg_Encounter_ADT_OP_TO_IP_COnvert_Add_Deposit_Add_Against_Patient_Refund_AMT.java:90)
	at java.base/java.util.ArrayList.forEach(ArrayList.java:1511)
... Removed 33 stack frames</pre></div><a href='#' onClick='toggleBox("stack-trace1934424193", this, "Click to show all stack frames", "Click to hide stack frames")'>Click to show all stack frames</a>
<div class='stack-trace' id='stack-trace1934424193'><pre>org.openqa.selenium.NoSuchWindowException: no such window: target window already closed
from unknown error: web view not found
  (Session info: chrome=114.0.5735.199)
Build info: version: &apos;4.16.0&apos;, revision: &apos;15400459dd*&apos;
System info: os.name: &apos;Windows 11&apos;, os.arch: &apos;amd64&apos;, os.version: &apos;10.0&apos;, java.version: &apos;20.0.2&apos;
Driver info: org.openqa.selenium.chrome.ChromeDriver
Command: [6075701675ec582bcf6664d1c383a4e8, screenshot {}]
Capabilities {acceptInsecureCerts: false, browserName: chrome, browserVersion: 114.0.5735.199, chrome: {chromedriverVersion: 114.0.5735.90 (386bc09e8f4f..., userDataDir: C:\Users\Manisha\AppData\Lo...}, goog:chromeOptions: {debuggerAddress: localhost:58088}, networkConnectionEnabled: false, pageLoadStrategy: normal, platformName: windows, proxy: Proxy(), se:cdp: ws://localhost:58088/devtoo..., se:cdpVersion: 114.0.5735.199, setWindowRect: true, strictFileInteractability: false, timeouts: {implicit: 0, pageLoad: 300000, script: 30000}, unhandledPromptBehavior: dismiss and notify, webauthn:extension:credBlob: true, webauthn:extension:largeBlob: true, webauthn:extension:minPinLength: true, webauthn:extension:prf: true, webauthn:virtualAuthenticators: true}
Session ID: 6075701675ec582bcf6664d1c383a4e8
	at java.base/jdk.internal.reflect.DirectConstructorHandleAccessor.newInstance(DirectConstructorHandleAccessor.java:67)
	at java.base/java.lang.reflect.Constructor.newInstanceWithCaller(Constructor.java:500)
	at java.base/java.lang.reflect.Constructor.newInstance(Constructor.java:484)
	at org.openqa.selenium.remote.codec.w3c.W3CHttpResponseCodec.createException(W3CHttpResponseCodec.java:200)
	at org.openqa.selenium.remote.codec.w3c.W3CHttpResponseCodec.decode(W3CHttpResponseCodec.java:133)
	at org.openqa.selenium.remote.codec.w3c.W3CHttpResponseCodec.decode(W3CHttpResponseCodec.java:52)
	at org.openqa.selenium.remote.HttpCommandExecutor.execute(HttpCommandExecutor.java:191)
	at org.openqa.selenium.remote.service.DriverCommandExecutor.invokeExecute(DriverCommandExecutor.java:200)
	at org.openqa.selenium.remote.service.DriverCommandExecutor.execute(DriverCommandExecutor.java:175)
	at org.openqa.selenium.remote.RemoteWebDriver.execute(RemoteWebDriver.java:523)
	at org.openqa.selenium.remote.RemoteWebDriver.execute(RemoteWebDriver.java:596)
	at org.openqa.selenium.remote.RemoteWebDriver.execute(RemoteWebDriver.java:600)
	at org.openqa.selenium.remote.RemoteWebDriver.getScreenshotAs(RemoteWebDriver.java:326)
	at BillingTest.OPD_Reg_Encounter_ADT_OP_TO_IP_COnvert_Add_Deposit_Add_Against_Patient_Refund_AMT.FailedScreenShot(OPD_Reg_Encounter_ADT_OP_TO_IP_COnvert_Add_Deposit_Add_Against_Patient_Refund_AMT.java:90)
	at java.base/jdk.internal.reflect.DirectMethodHandleAccessor.invoke(DirectMethodHandleAccessor.java:104)
	at java.base/java.lang.reflect.Method.invoke(Method.java:578)
	at org.testng.internal.invokers.MethodInvocationHelper.invokeMethod(MethodInvocationHelper.java:139)
	at org.testng.internal.invokers.MethodInvocationHelper.invokeMethodConsideringTimeout(MethodInvocationHelper.java:69)
	at org.testng.internal.invokers.ConfigInvoker.invokeConfigurationMethod(ConfigInvoker.java:390)
	at org.testng.internal.invokers.ConfigInvoker.invokeConfigurations(ConfigInvoker.java:325)
	at org.testng.internal.invokers.TestInvoker.runConfigMethods(TestInvoker.java:810)
	at org.testng.internal.invokers.TestInvoker.runAfterConfigurations(TestInvoker.java:779)
	at org.testng.internal.invokers.TestInvoker.invokeMethod(TestInvoker.java:755)
	at org.testng.internal.invokers.TestInvoker.invokeTestMethod(TestInvoker.java:227)
	at org.testng.internal.invokers.MethodRunner.runInSequence(MethodRunner.java:50)
	at org.testng.internal.invokers.TestInvoker$MethodInvocationAgent.invoke(TestInvoker.java:957)
	at org.testng.internal.invokers.TestInvoker.invokeTestMethods(TestInvoker.java:200)
	at org.testng.internal.invokers.TestMethodWorker.invokeTestMethods(TestMethodWorker.java:148)
	at org.testng.internal.invokers.TestMethodWorker.run(TestMethodWorker.java:128)
	at java.base/java.util.ArrayList.forEach(ArrayList.java:1511)
	at org.testng.TestRunner.privateRun(TestRunner.java:848)
	at org.testng.TestRunner.run(TestRunner.java:621)
	at org.testng.SuiteRunner.runTest(SuiteRunner.java:443)
	at org.testng.SuiteRunner.runSequentially(SuiteRunner.java:437)
	at org.testng.SuiteRunner.privateRun(SuiteRunner.java:397)
	at org.testng.SuiteRunner.run(SuiteRunner.java:336)
	at org.testng.SuiteRunnerWorker.runSuite(SuiteRunnerWorker.java:52)
	at org.testng.SuiteRunnerWorker.run(SuiteRunnerWorker.java:95)
	at org.testng.TestNG.runSuitesSequentially(TestNG.java:1280)
	at org.testng.TestNG.runSuitesLocally(TestNG.java:1200)
	at org.testng.TestNG.runSuites(TestNG.java:1114)
	at org.testng.TestNG.run(TestNG.java:1082)
	at org.testng.remote.AbstractRemoteTestNG.run(AbstractRemoteTestNG.java:115)
	at org.testng.remote.RemoteTestNG.initAndRun(RemoteTestNG.java:251)
	at org.testng.remote.RemoteTestNG.main(RemoteTestNG.java:77)
</pre></div></td>
<td>0</td>
<td>BillingTest.OPD_Reg_Encounter_ADT_OP_TO_IP_COnvert_Add_Deposit_Add_Against_Patient_Refund_AMT@662ac478</td></tr>
</table><p>
<table width='100%' border='1' class='invocation-failed'>
<tr><td colspan='4' align='center'><b>FAILED TESTS</b></td></tr>
<tr><td><b>Test method</b></td>
<td><b>Attribute(s)</b></td>
<td width="30%"><b>Exception</b></td>
<td width="10%"><b>Time (seconds)</b></td>
<td><b>Instance</b></td>
</tr>
<tr>
<td title='BillingTest.OPD_Reg_Encounter_ADT_OP_TO_IP_COnvert_Add_Deposit_Add_Against_Patient_Refund_AMT.TC_05_Verify_Taht_User_is_Able_To_Add_Deposit_Against_Patient_And_Refund_Amount()'><b>TC_05_Verify_Taht_User_is_Able_To_Add_Deposit_Against_Patient_And_Refund_Amount</b><br>Test class: BillingTest.OPD_Reg_Encounter_ADT_OP_TO_IP_COnvert_Add_Deposit_Add_Against_Patient_Refund_AMT</td>
<td><div><pre>org.openqa.selenium.NoSuchWindowException: no such window: target window already closed
from unknown error: web view not found
  (Session info: chrome=114.0.5735.199)
Build info: version: &apos;4.16.0&apos;, revision: &apos;15400459dd*&apos;
System info: os.name: &apos;Windows 11&apos;, os.arch: &apos;amd64&apos;, os.version: &apos;10.0&apos;, java.version: &apos;20.0.2&apos;
Driver info: org.openqa.selenium.chrome.ChromeDriver
Capabilities {acceptInsecureCerts: false, browserName: chrome, browserVersion: 114.0.5735.199, chrome: {chromedriverVersion: 114.0.5735.90 (386bc09e8f4f..., userDataDir: C:\Users\Manisha\AppData\Lo...}, goog:chromeOptions: {debuggerAddress: localhost:58088}, networkConnectionEnabled: false, pageLoadStrategy: normal, platformName: windows, proxy: Proxy(), se:cdp: ws://localhost:58088/devtoo..., se:cdpVersion: 114.0.5735.199, setWindowRect: true, strictFileInteractability: false, timeouts: {implicit: 0, pageLoad: 300000, script: 30000}, unhandledPromptBehavior: dismiss and notify, webauthn:extension:credBlob: true, webauthn:extension:largeBlob: true, webauthn:extension:minPinLength: true, webauthn:extension:prf: true, webauthn:virtualAuthenticators: true}
Session ID: 6075701675ec582bcf6664d1c383a4e8
	at org.openqa.selenium.remote.codec.w3c.W3CHttpResponseCodec.createException(W3CHttpResponseCodec.java:200)
	at org.openqa.selenium.remote.codec.w3c.W3CHttpResponseCodec.decode(W3CHttpResponseCodec.java:133)
	at org.openqa.selenium.remote.codec.w3c.W3CHttpResponseCodec.decode(W3CHttpResponseCodec.java:52)
	at org.openqa.selenium.remote.HttpCommandExecutor.execute(HttpCommandExecutor.java:191)
	at org.openqa.selenium.remote.service.DriverCommandExecutor.invokeExecute(DriverCommandExecutor.java:200)
	at org.openqa.selenium.remote.service.DriverCommandExecutor.execute(DriverCommandExecutor.java:175)
	at org.openqa.selenium.remote.RemoteWebDriver.execute(RemoteWebDriver.java:523)
	at org.openqa.selenium.remote.ElementLocation$ElementFinder$2.findElement(ElementLocation.java:165)
	at org.openqa.selenium.remote.ElementLocation.findElement(ElementLocation.java:59)
	at org.openqa.selenium.remote.RemoteWebDriver.findElement(RemoteWebDriver.java:360)
	at org.openqa.selenium.remote.RemoteWebDriver.findElement(RemoteWebDriver.java:354)
	at BillingPages.ADT_Admission_Form_save_Admission_Deposit_Add_Against_Patient_Save_Refund.IPD_Patient_Deposit_Add_Agains_Patient_Save_Refund(ADT_Admission_Form_save_Admission_Deposit_Add_Against_Patient_Save_Refund.java:250)
	at BillingTest.OPD_Reg_Encounter_ADT_OP_TO_IP_COnvert_Add_Deposit_Add_Against_Patient_Refund_AMT.TC_05_Verify_Taht_User_is_Able_To_Add_Deposit_Against_Patient_And_Refund_Amount(OPD_Reg_Encounter_ADT_OP_TO_IP_COnvert_Add_Deposit_Add_Against_Patient_Refund_AMT.java:71)
	at java.base/java.util.ArrayList.forEach(ArrayList.java:1511)
... Removed 29 stack frames</pre></div><a href='#' onClick='toggleBox("stack-trace2044878959", this, "Click to show all stack frames", "Click to hide stack frames")'>Click to show all stack frames</a>
<div class='stack-trace' id='stack-trace2044878959'><pre>org.openqa.selenium.NoSuchWindowException: no such window: target window already closed
from unknown error: web view not found
  (Session info: chrome=114.0.5735.199)
Build info: version: &apos;4.16.0&apos;, revision: &apos;15400459dd*&apos;
System info: os.name: &apos;Windows 11&apos;, os.arch: &apos;amd64&apos;, os.version: &apos;10.0&apos;, java.version: &apos;20.0.2&apos;
Driver info: org.openqa.selenium.chrome.ChromeDriver
Command: [6075701675ec582bcf6664d1c383a4e8, findElement {using=css selector, value=mat-icon[ng-reflect-message=&apos;Yes&apos;]}]
Capabilities {acceptInsecureCerts: false, browserName: chrome, browserVersion: 114.0.5735.199, chrome: {chromedriverVersion: 114.0.5735.90 (386bc09e8f4f..., userDataDir: C:\Users\Manisha\AppData\Lo...}, goog:chromeOptions: {debuggerAddress: localhost:58088}, networkConnectionEnabled: false, pageLoadStrategy: normal, platformName: windows, proxy: Proxy(), se:cdp: ws://localhost:58088/devtoo..., se:cdpVersion: 114.0.5735.199, setWindowRect: true, strictFileInteractability: false, timeouts: {implicit: 0, pageLoad: 300000, script: 30000}, unhandledPromptBehavior: dismiss and notify, webauthn:extension:credBlob: true, webauthn:extension:largeBlob: true, webauthn:extension:minPinLength: true, webauthn:extension:prf: true, webauthn:virtualAuthenticators: true}
Session ID: 6075701675ec582bcf6664d1c383a4e8
	at java.base/jdk.internal.reflect.DirectConstructorHandleAccessor.newInstance(DirectConstructorHandleAccessor.java:67)
	at java.base/java.lang.reflect.Constructor.newInstanceWithCaller(Constructor.java:500)
	at java.base/java.lang.reflect.Constructor.newInstance(Constructor.java:484)
	at org.openqa.selenium.remote.codec.w3c.W3CHttpResponseCodec.createException(W3CHttpResponseCodec.java:200)
	at org.openqa.selenium.remote.codec.w3c.W3CHttpResponseCodec.decode(W3CHttpResponseCodec.java:133)
	at org.openqa.selenium.remote.codec.w3c.W3CHttpResponseCodec.decode(W3CHttpResponseCodec.java:52)
	at org.openqa.selenium.remote.HttpCommandExecutor.execute(HttpCommandExecutor.java:191)
	at org.openqa.selenium.remote.service.DriverCommandExecutor.invokeExecute(DriverCommandExecutor.java:200)
	at org.openqa.selenium.remote.service.DriverCommandExecutor.execute(DriverCommandExecutor.java:175)
	at org.openqa.selenium.remote.RemoteWebDriver.execute(RemoteWebDriver.java:523)
	at org.openqa.selenium.remote.ElementLocation$ElementFinder$2.findElement(ElementLocation.java:165)
	at org.openqa.selenium.remote.ElementLocation.findElement(ElementLocation.java:59)
	at org.openqa.selenium.remote.RemoteWebDriver.findElement(RemoteWebDriver.java:360)
	at org.openqa.selenium.remote.RemoteWebDriver.findElement(RemoteWebDriver.java:354)
	at BillingPages.ADT_Admission_Form_save_Admission_Deposit_Add_Against_Patient_Save_Refund.IPD_Patient_Deposit_Add_Agains_Patient_Save_Refund(ADT_Admission_Form_save_Admission_Deposit_Add_Against_Patient_Save_Refund.java:250)
	at BillingTest.OPD_Reg_Encounter_ADT_OP_TO_IP_COnvert_Add_Deposit_Add_Against_Patient_Refund_AMT.TC_05_Verify_Taht_User_is_Able_To_Add_Deposit_Against_Patient_And_Refund_Amount(OPD_Reg_Encounter_ADT_OP_TO_IP_COnvert_Add_Deposit_Add_Against_Patient_Refund_AMT.java:71)
	at java.base/jdk.internal.reflect.DirectMethodHandleAccessor.invoke(DirectMethodHandleAccessor.java:104)
	at java.base/java.lang.reflect.Method.invoke(Method.java:578)
	at org.testng.internal.invokers.MethodInvocationHelper.invokeMethod(MethodInvocationHelper.java:139)
	at org.testng.internal.invokers.TestInvoker.invokeMethod(TestInvoker.java:664)
	at org.testng.internal.invokers.TestInvoker.invokeTestMethod(TestInvoker.java:227)
	at org.testng.internal.invokers.MethodRunner.runInSequence(MethodRunner.java:50)
	at org.testng.internal.invokers.TestInvoker$MethodInvocationAgent.invoke(TestInvoker.java:957)
	at org.testng.internal.invokers.TestInvoker.invokeTestMethods(TestInvoker.java:200)
	at org.testng.internal.invokers.TestMethodWorker.invokeTestMethods(TestMethodWorker.java:148)
	at org.testng.internal.invokers.TestMethodWorker.run(TestMethodWorker.java:128)
	at java.base/java.util.ArrayList.forEach(ArrayList.java:1511)
	at org.testng.TestRunner.privateRun(TestRunner.java:848)
	at org.testng.TestRunner.run(TestRunner.java:621)
	at org.testng.SuiteRunner.runTest(SuiteRunner.java:443)
	at org.testng.SuiteRunner.runSequentially(SuiteRunner.java:437)
	at org.testng.SuiteRunner.privateRun(SuiteRunner.java:397)
	at org.testng.SuiteRunner.run(SuiteRunner.java:336)
	at org.testng.SuiteRunnerWorker.runSuite(SuiteRunnerWorker.java:52)
	at org.testng.SuiteRunnerWorker.run(SuiteRunnerWorker.java:95)
	at org.testng.TestNG.runSuitesSequentially(TestNG.java:1280)
	at org.testng.TestNG.runSuitesLocally(TestNG.java:1200)
	at org.testng.TestNG.runSuites(TestNG.java:1114)
	at org.testng.TestNG.run(TestNG.java:1082)
	at org.testng.remote.AbstractRemoteTestNG.run(AbstractRemoteTestNG.java:115)
	at org.testng.remote.RemoteTestNG.initAndRun(RemoteTestNG.java:251)
	at org.testng.remote.RemoteTestNG.main(RemoteTestNG.java:77)
</pre></div></td>
<td>65</td>
<td>BillingTest.OPD_Reg_Encounter_ADT_OP_TO_IP_COnvert_Add_Deposit_Add_Against_Patient_Refund_AMT@662ac478</td></tr>
</table><p>
<table width='100%' border='1' class='invocation-passed'>
<tr><td colspan='4' align='center'><b>PASSED TESTS</b></td></tr>
<tr><td><b>Test method</b></td>
<td><b>Attribute(s)</b></td>
<td width="30%"><b>Exception</b></td>
<td width="10%"><b>Time (seconds)</b></td>
<td><b>Instance</b></td>
</tr>
<tr>
<td title='BillingTest.OPD_Reg_Encounter_ADT_OP_TO_IP_COnvert_Add_Deposit_Add_Against_Patient_Refund_AMT.TC_04_Verify_User_Can_Fill_ADT_Admission_Form_Convert_Charges_For_OP_To_IP()'><b>TC_04_Verify_User_Can_Fill_ADT_Admission_Form_Convert_Charges_For_OP_To_IP</b><br>Test class: BillingTest.OPD_Reg_Encounter_ADT_OP_TO_IP_COnvert_Add_Deposit_Add_Against_Patient_Refund_AMT<br>Parameters: 2, Admitting Diagnosis testing, Require Urgent Oxyzen, Blood require, All Done good, Overall good, Sandra, 1236540, 9921084463, Pune</td>
<td></td>
<td>314</td>
<td>BillingTest.OPD_Reg_Encounter_ADT_OP_TO_IP_COnvert_Add_Deposit_Add_Against_Patient_Refund_AMT@662ac478</td></tr>
<tr>
<td title='BillingTest.OPD_Reg_Encounter_ADT_OP_TO_IP_COnvert_Add_Deposit_Add_Against_Patient_Refund_AMT.TC_01_Verify_Login()'><b>TC_01_Verify_Login</b><br>Test class: BillingTest.OPD_Reg_Encounter_ADT_OP_TO_IP_COnvert_Add_Deposit_Add_Against_Patient_Refund_AMT<br>Parameters: 11092023</td>
<td></td>
<td>3</td>
<td>BillingTest.OPD_Reg_Encounter_ADT_OP_TO_IP_COnvert_Add_Deposit_Add_Against_Patient_Refund_AMT@662ac478</td></tr>
<tr>
<td title='BillingTest.OPD_Reg_Encounter_ADT_OP_TO_IP_COnvert_Add_Deposit_Add_Against_Patient_Refund_AMT.TC_02_Verify_That_User_Is_Able_Fill_The_Basic_Information_To_Registration_Page()'><b>TC_02_Verify_That_User_Is_Able_Fill_The_Basic_Information_To_Registration_Page</b><br>Test class: BillingTest.OPD_Reg_Encounter_ADT_OP_TO_IP_COnvert_Add_Deposit_Add_Against_Patient_Refund_AMT<br>Parameters: 11, 15/12/2024, 203569875, 15/12/2024, Aleesya, 15/02/1990, harry, Patient has Blood suger, Pune, 52369874, 7569206892, hati@intel.com, 523641, 2036541, 8156896532, 7599633265, 2036, 15/02/2023, 8156896532, Mumbai, 75996</td>
<td></td>
<td>222</td>
<td>BillingTest.OPD_Reg_Encounter_ADT_OP_TO_IP_COnvert_Add_Deposit_Add_Against_Patient_Refund_AMT@662ac478</td></tr>
<tr>
<td title='BillingTest.OPD_Reg_Encounter_ADT_OP_TO_IP_COnvert_Add_Deposit_Add_Against_Patient_Refund_AMT.TC_03_Verify_That_User_Is_Able_TO_Fill_Encounter_Details()'><b>TC_03_Verify_That_User_Is_Able_TO_Fill_Encounter_Details</b><br>Test class: BillingTest.OPD_Reg_Encounter_ADT_OP_TO_IP_COnvert_Add_Deposit_Add_Against_Patient_Refund_AMT<br>Parameters: Patient has favour, Require Urgent Oxyzen, Sandra, 1236540, 9975223366, Pune, Pune</td>
<td></td>
<td>122</td>
<td>BillingTest.OPD_Reg_Encounter_ADT_OP_TO_IP_COnvert_Add_Deposit_Add_Against_Patient_Refund_AMT@662ac478</td></tr>
</table><p>
</body>
</html>