<?xml version="1.0" encoding="UTF-8"?>
<!-- Generated by org.testng.reporters.JUnitReportReporter -->
<testsuite hostname="LAPTOP-OQ5D6T00" failures="0" tests="5" name="BillingTest.ADT_REQ_GL_Approval_IP_Bill_Company_settlement" time="273.889" errors="1" timestamp="2024-01-03T15:52:23 IST" skipped="0">
  <testcase classname="BillingTest.ADT_REQ_GL_Approval_IP_Bill_Company_settlement" name="TC_01_Verify_Login" time="3.456"/>
  <testcase classname="BillingTest.ADT_REQ_GL_Approval_IP_Bill_Company_settlement" name="TC_02_User_Able_To_Do_AdmissionRequestform" time="76.493"/>
  <testcase classname="BillingTest.ADT_REQ_GL_Approval_IP_Bill_Company_settlement" name="TC_03_User_Able_to_Do_ADTRegistartionForm" time="67.103"/>
  <testcase classname="BillingTest.ADT_REQ_GL_Approval_IP_Bill_Company_settlement" name="TC_04_Verify_User_Can_Fill_ADT_Admission_Form_With_Insurance" time="105.727"/>
  <testcase classname="BillingTest.ADT_REQ_GL_Approval_IP_Bill_Company_settlement" name="TC_05_Verify_User_Can_DO_GL_Approval_For_IP_Charges_And_IPD_BILL_With_insurance" time="21.110">
    <error message="no such element: Unable to locate element: {&quot;method&quot;:&quot;xpath&quot;,&quot;selector&quot;:&quot;/html/body/app-root/app-layout/ng-sidebar-container/div/div/mat-drawer-container/mat-drawer-content/div/div/app-admission-dashboard/mat-drawer-container/mat-drawer-content/div/table/tbody/tr[1]/td[2]&quot;}
  (Session info: chrome=114.0.5735.199)
For documentation on this error, please visit: https://www.selenium.dev/documentation/webdriver/troubleshooting/errors#no-such-element-exception
Build info: version: &#039;4.16.0&#039;, revision: &#039;15400459dd*&#039;
System info: os.name: &#039;Windows 11&#039;, os.arch: &#039;amd64&#039;, os.version: &#039;10.0&#039;, java.version: &#039;20.0.2&#039;
Driver info: org.openqa.selenium.chrome.ChromeDriver
Command: [7ada388c04471072fadff184adcaa5b5, findElement {using=xpath, value=/html/body/app-root/app-layout/ng-sidebar-container/div/div/mat-drawer-container/mat-drawer-content/div/div/app-admission-dashboard/mat-drawer-container/mat-drawer-content/div/table/tbody/tr[1]/td[2]}]
Capabilities {acceptInsecureCerts: false, browserName: chrome, browserVersion: 114.0.5735.199, chrome: {chromedriverVersion: 114.0.5735.90 (386bc09e8f4f..., userDataDir: C:\Users\Manisha\AppData\Lo...}, goog:chromeOptions: {debuggerAddress: localhost:57260}, networkConnectionEnabled: false, pageLoadStrategy: normal, platformName: windows, proxy: Proxy(), se:cdp: ws://localhost:57260/devtoo..., se:cdpVersion: 114.0.5735.199, setWindowRect: true, strictFileInteractability: false, timeouts: {implicit: 0, pageLoad: 300000, script: 30000}, unhandledPromptBehavior: dismiss and notify, webauthn:extension:credBlob: true, webauthn:extension:largeBlob: true, webauthn:extension:minPinLength: true, webauthn:extension:prf: true, webauthn:virtualAuthenticators: true}
Session ID: 7ada388c04471072fadff184adcaa5b5" type="org.openqa.selenium.NoSuchElementException">
      <![CDATA[org.openqa.selenium.NoSuchElementException: no such element: Unable to locate element: {"method":"xpath","selector":"/html/body/app-root/app-layout/ng-sidebar-container/div/div/mat-drawer-container/mat-drawer-content/div/div/app-admission-dashboard/mat-drawer-container/mat-drawer-content/div/table/tbody/tr[1]/td[2]"}
  (Session info: chrome=114.0.5735.199)
For documentation on this error, please visit: https://www.selenium.dev/documentation/webdriver/troubleshooting/errors#no-such-element-exception
Build info: version: '4.16.0', revision: '15400459dd*'
System info: os.name: 'Windows 11', os.arch: 'amd64', os.version: '10.0', java.version: '20.0.2'
Driver info: org.openqa.selenium.chrome.ChromeDriver
Command: [7ada388c04471072fadff184adcaa5b5, findElement {using=xpath, value=/html/body/app-root/app-layout/ng-sidebar-container/div/div/mat-drawer-container/mat-drawer-content/div/div/app-admission-dashboard/mat-drawer-container/mat-drawer-content/div/table/tbody/tr[1]/td[2]}]
Capabilities {acceptInsecureCerts: false, browserName: chrome, browserVersion: 114.0.5735.199, chrome: {chromedriverVersion: 114.0.5735.90 (386bc09e8f4f..., userDataDir: C:\Users\Manisha\AppData\Lo...}, goog:chromeOptions: {debuggerAddress: localhost:57260}, networkConnectionEnabled: false, pageLoadStrategy: normal, platformName: windows, proxy: Proxy(), se:cdp: ws://localhost:57260/devtoo..., se:cdpVersion: 114.0.5735.199, setWindowRect: true, strictFileInteractability: false, timeouts: {implicit: 0, pageLoad: 300000, script: 30000}, unhandledPromptBehavior: dismiss and notify, webauthn:extension:credBlob: true, webauthn:extension:largeBlob: true, webauthn:extension:minPinLength: true, webauthn:extension:prf: true, webauthn:virtualAuthenticators: true}
Session ID: 7ada388c04471072fadff184adcaa5b5
at java.base/jdk.internal.reflect.DirectConstructorHandleAccessor.newInstance(DirectConstructorHandleAccessor.java:67)
at java.base/java.lang.reflect.Constructor.newInstanceWithCaller(Constructor.java:500)
at java.base/java.lang.reflect.Constructor.newInstance(Constructor.java:484)
at org.openqa.selenium.remote.codec.w3c.W3CHttpResponseCodec.createException(W3CHttpResponseCodec.java:200)
at org.openqa.selenium.remote.codec.w3c.W3CHttpResponseCodec.decode(W3CHttpResponseCodec.java:133)
at org.openqa.selenium.remote.codec.w3c.W3CHttpResponseCodec.decode(W3CHttpResponseCodec.java:52)
at org.openqa.selenium.remote.HttpCommandExecutor.execute(HttpCommandExecutor.java:191)
at org.openqa.selenium.remote.service.DriverCommandExecutor.invokeExecute(DriverCommandExecutor.java:200)
at org.openqa.selenium.remote.service.DriverCommandExecutor.execute(DriverCommandExecutor.java:175)
at org.openqa.selenium.remote.RemoteWebDriver.execute(RemoteWebDriver.java:523)
at org.openqa.selenium.remote.ElementLocation$ElementFinder$2.findElement(ElementLocation.java:165)
at org.openqa.selenium.remote.ElementLocation.findElement(ElementLocation.java:59)
at org.openqa.selenium.remote.RemoteWebDriver.findElement(RemoteWebDriver.java:360)
at org.openqa.selenium.remote.RemoteWebDriver.findElement(RemoteWebDriver.java:354)
at BillingPages.ADT_Reg_Insurance_GL_Approval_IP_Bill_Save_Company_settlement.GLApprovalForADT_Req_IPCharges_IPBILL_COmpany_Settelement(ADT_Reg_Insurance_GL_Approval_IP_Bill_Save_Company_settlement.java:316)
at BillingTest.ADT_REQ_GL_Approval_IP_Bill_Company_settlement.TC_05_Verify_User_Can_DO_GL_Approval_For_IP_Charges_And_IPD_BILL_With_insurance(ADT_REQ_GL_Approval_IP_Bill_Company_settlement.java:75)
at java.base/jdk.internal.reflect.DirectMethodHandleAccessor.invoke(DirectMethodHandleAccessor.java:104)
at java.base/java.lang.reflect.Method.invoke(Method.java:578)
at org.testng.internal.invokers.MethodInvocationHelper.invokeMethod(MethodInvocationHelper.java:139)
at org.testng.internal.invokers.TestInvoker.invokeMethod(TestInvoker.java:664)
at org.testng.internal.invokers.TestInvoker.invokeTestMethod(TestInvoker.java:227)
at org.testng.internal.invokers.MethodRunner.runInSequence(MethodRunner.java:50)
at org.testng.internal.invokers.TestInvoker$MethodInvocationAgent.invoke(TestInvoker.java:957)
at org.testng.internal.invokers.TestInvoker.invokeTestMethods(TestInvoker.java:200)
at org.testng.internal.invokers.TestMethodWorker.invokeTestMethods(TestMethodWorker.java:148)
at org.testng.internal.invokers.TestMethodWorker.run(TestMethodWorker.java:128)
at java.base/java.util.ArrayList.forEach(ArrayList.java:1511)
at org.testng.TestRunner.privateRun(TestRunner.java:848)
at org.testng.TestRunner.run(TestRunner.java:621)
at org.testng.SuiteRunner.runTest(SuiteRunner.java:443)
at org.testng.SuiteRunner.runSequentially(SuiteRunner.java:437)
at org.testng.SuiteRunner.privateRun(SuiteRunner.java:397)
at org.testng.SuiteRunner.run(SuiteRunner.java:336)
at org.testng.SuiteRunnerWorker.runSuite(SuiteRunnerWorker.java:52)
at org.testng.SuiteRunnerWorker.run(SuiteRunnerWorker.java:95)
at org.testng.TestNG.runSuitesSequentially(TestNG.java:1280)
at org.testng.TestNG.runSuitesLocally(TestNG.java:1200)
at org.testng.TestNG.runSuites(TestNG.java:1114)
at org.testng.TestNG.run(TestNG.java:1082)
at org.testng.remote.AbstractRemoteTestNG.run(AbstractRemoteTestNG.java:115)
at org.testng.remote.RemoteTestNG.initAndRun(RemoteTestNG.java:251)
at org.testng.remote.RemoteTestNG.main(RemoteTestNG.java:77)
]]>
    </error>
  </testcase> <!-- TC_05_Verify_User_Can_DO_GL_Approval_For_IP_Charges_And_IPD_BILL_With_insurance -->
</testsuite> <!-- BillingTest.ADT_REQ_GL_Approval_IP_Bill_Company_settlement -->
