<?xml version="1.0" encoding="UTF-8"?>
<!-- Generated by org.testng.reporters.JUnitReportReporter -->
<testsuite hostname="LAPTOP-OQ5D6T00" failures="0" tests="5" name="BillingTest.OPReg_Encounter_Insurance_ADT_OPtoIPconvert_SaveAdmission_GLApproval_IPcharge_Save" time="625.137" errors="1" timestamp="2023-12-27T12:18:56 IST" skipped="0">
  <testcase classname="BillingTest.OPReg_Encounter_Insurance_ADT_OPtoIPconvert_SaveAdmission_GLApproval_IPcharge_Save" name="TC_01_Verify_Login" time="3.273"/>
  <testcase classname="BillingTest.OPReg_Encounter_Insurance_ADT_OPtoIPconvert_SaveAdmission_GLApproval_IPcharge_Save" name="TC_02_Verify_That_User_Is_Able_Fill_The_Basic_Information_To_Registration_Page" time="223.678"/>
  <testcase classname="BillingTest.OPReg_Encounter_Insurance_ADT_OPtoIPconvert_SaveAdmission_GLApproval_IPcharge_Save" name="TC_03_Verify_That_User_Is_Able_TO_Fill_Encounter_Details" time="52.241"/>
  <testcase classname="BillingTest.OPReg_Encounter_Insurance_ADT_OPtoIPconvert_SaveAdmission_GLApproval_IPcharge_Save" name="TC_04_Verify_User_Can_Fill_ADT_Admission_Form_Convert_Charges_For_OP_To_IP" time="213.803"/>
  <testcase classname="BillingTest.OPReg_Encounter_Insurance_ADT_OPtoIPconvert_SaveAdmission_GLApproval_IPcharge_Save" name="TC_05_Verify_User_Can_DO_GL_Approval_For_IP_Charges_With_insurance" time="132.142">
    <error message="element click intercepted: Element &lt;span class=&quot;mat-select-min-line ng-tns-c218-639 ng-star-inserted&quot;&gt;...&lt;/span&gt; is not clickable at point (1332, 237). Other element would receive the click: &lt;span class=&quot;mat-option-text&quot;&gt;...&lt;/span&gt;
  (Session info: chrome=114.0.5735.199)
Build info: version: &#039;4.16.0&#039;, revision: &#039;15400459dd*&#039;
System info: os.name: &#039;Windows 11&#039;, os.arch: &#039;amd64&#039;, os.version: &#039;10.0&#039;, java.version: &#039;20.0.2&#039;
Driver info: org.openqa.selenium.chrome.ChromeDriver
Command: [897fe47a04200a5bf0fcc685cac5bd69, clickElement {id=17EDC720873721683547A76D4F3BB88A_element_1641}]
Capabilities {acceptInsecureCerts: false, browserName: chrome, browserVersion: 114.0.5735.199, chrome: {chromedriverVersion: 114.0.5735.90 (386bc09e8f4f..., userDataDir: C:\Users\Manisha\AppData\Lo...}, goog:chromeOptions: {debuggerAddress: localhost:56578}, networkConnectionEnabled: false, pageLoadStrategy: normal, platformName: windows, proxy: Proxy(), se:cdp: ws://localhost:56578/devtoo..., se:cdpVersion: 114.0.5735.199, setWindowRect: true, strictFileInteractability: false, timeouts: {implicit: 0, pageLoad: 300000, script: 30000}, unhandledPromptBehavior: dismiss and notify, webauthn:extension:credBlob: true, webauthn:extension:largeBlob: true, webauthn:extension:minPinLength: true, webauthn:extension:prf: true, webauthn:virtualAuthenticators: true}
Element: [[ChromeDriver: chrome on windows (897fe47a04200a5bf0fcc685cac5bd69)] -&gt; xpath: //span[contains(text(),&#039;AIA Berhad&#039;)]]
Session ID: 897fe47a04200a5bf0fcc685cac5bd69" type="org.openqa.selenium.ElementClickInterceptedException">
      <![CDATA[org.openqa.selenium.ElementClickInterceptedException: element click intercepted: Element <span class="mat-select-min-line ng-tns-c218-639 ng-star-inserted">...</span> is not clickable at point (1332, 237). Other element would receive the click: <span class="mat-option-text">...</span>
  (Session info: chrome=114.0.5735.199)
Build info: version: '4.16.0', revision: '15400459dd*'
System info: os.name: 'Windows 11', os.arch: 'amd64', os.version: '10.0', java.version: '20.0.2'
Driver info: org.openqa.selenium.chrome.ChromeDriver
Command: [897fe47a04200a5bf0fcc685cac5bd69, clickElement {id=17EDC720873721683547A76D4F3BB88A_element_1641}]
Capabilities {acceptInsecureCerts: false, browserName: chrome, browserVersion: 114.0.5735.199, chrome: {chromedriverVersion: 114.0.5735.90 (386bc09e8f4f..., userDataDir: C:\Users\Manisha\AppData\Lo...}, goog:chromeOptions: {debuggerAddress: localhost:56578}, networkConnectionEnabled: false, pageLoadStrategy: normal, platformName: windows, proxy: Proxy(), se:cdp: ws://localhost:56578/devtoo..., se:cdpVersion: 114.0.5735.199, setWindowRect: true, strictFileInteractability: false, timeouts: {implicit: 0, pageLoad: 300000, script: 30000}, unhandledPromptBehavior: dismiss and notify, webauthn:extension:credBlob: true, webauthn:extension:largeBlob: true, webauthn:extension:minPinLength: true, webauthn:extension:prf: true, webauthn:virtualAuthenticators: true}
Element: [[ChromeDriver: chrome on windows (897fe47a04200a5bf0fcc685cac5bd69)] -> xpath: //span[contains(text(),'AIA Berhad')]]
Session ID: 897fe47a04200a5bf0fcc685cac5bd69
at java.base/jdk.internal.reflect.DirectConstructorHandleAccessor.newInstance(DirectConstructorHandleAccessor.java:67)
at java.base/java.lang.reflect.Constructor.newInstanceWithCaller(Constructor.java:500)
at java.base/java.lang.reflect.Constructor.newInstance(Constructor.java:484)
at org.openqa.selenium.remote.codec.w3c.W3CHttpResponseCodec.createException(W3CHttpResponseCodec.java:200)
at org.openqa.selenium.remote.codec.w3c.W3CHttpResponseCodec.decode(W3CHttpResponseCodec.java:133)
at org.openqa.selenium.remote.codec.w3c.W3CHttpResponseCodec.decode(W3CHttpResponseCodec.java:52)
at org.openqa.selenium.remote.HttpCommandExecutor.execute(HttpCommandExecutor.java:191)
at org.openqa.selenium.remote.service.DriverCommandExecutor.invokeExecute(DriverCommandExecutor.java:200)
at org.openqa.selenium.remote.service.DriverCommandExecutor.execute(DriverCommandExecutor.java:175)
at org.openqa.selenium.remote.RemoteWebDriver.execute(RemoteWebDriver.java:523)
at org.openqa.selenium.remote.RemoteWebElement.execute(RemoteWebElement.java:224)
at org.openqa.selenium.remote.RemoteWebElement.click(RemoteWebElement.java:77)
at BillingPages.GLApproval_For_OP_IP.GLApprovalForOPToIP(GLApproval_For_OP_IP.java:387)
at BillingTest.OPReg_Encounter_Insurance_ADT_OPtoIPconvert_SaveAdmission_GLApproval_IPcharge_Save.TC_05_Verify_User_Can_DO_GL_Approval_For_IP_Charges_With_insurance(OPReg_Encounter_Insurance_ADT_OPtoIPconvert_SaveAdmission_GLApproval_IPcharge_Save.java:77)
at java.base/jdk.internal.reflect.DirectMethodHandleAccessor.invoke(DirectMethodHandleAccessor.java:104)
at java.base/java.lang.reflect.Method.invoke(Method.java:578)
at org.testng.internal.invokers.MethodInvocationHelper.invokeMethod(MethodInvocationHelper.java:139)
at org.testng.internal.invokers.TestInvoker.invokeMethod(TestInvoker.java:664)
at org.testng.internal.invokers.TestInvoker.invokeTestMethod(TestInvoker.java:227)
at org.testng.internal.invokers.MethodRunner.runInSequence(MethodRunner.java:50)
at org.testng.internal.invokers.TestInvoker$MethodInvocationAgent.invoke(TestInvoker.java:957)
at org.testng.internal.invokers.TestInvoker.invokeTestMethods(TestInvoker.java:200)
at org.testng.internal.invokers.TestMethodWorker.invokeTestMethods(TestMethodWorker.java:148)
at org.testng.internal.invokers.TestMethodWorker.run(TestMethodWorker.java:128)
at java.base/java.util.ArrayList.forEach(ArrayList.java:1511)
at org.testng.TestRunner.privateRun(TestRunner.java:848)
at org.testng.TestRunner.run(TestRunner.java:621)
at org.testng.SuiteRunner.runTest(SuiteRunner.java:443)
at org.testng.SuiteRunner.runSequentially(SuiteRunner.java:437)
at org.testng.SuiteRunner.privateRun(SuiteRunner.java:397)
at org.testng.SuiteRunner.run(SuiteRunner.java:336)
at org.testng.SuiteRunnerWorker.runSuite(SuiteRunnerWorker.java:52)
at org.testng.SuiteRunnerWorker.run(SuiteRunnerWorker.java:95)
at org.testng.TestNG.runSuitesSequentially(TestNG.java:1280)
at org.testng.TestNG.runSuitesLocally(TestNG.java:1200)
at org.testng.TestNG.runSuites(TestNG.java:1114)
at org.testng.TestNG.run(TestNG.java:1082)
at org.testng.remote.AbstractRemoteTestNG.run(AbstractRemoteTestNG.java:115)
at org.testng.remote.RemoteTestNG.initAndRun(RemoteTestNG.java:251)
at org.testng.remote.RemoteTestNG.main(RemoteTestNG.java:77)
]]>
    </error>
  </testcase> <!-- TC_05_Verify_User_Can_DO_GL_Approval_For_IP_Charges_With_insurance -->
</testsuite> <!-- BillingTest.OPReg_Encounter_Insurance_ADT_OPtoIPconvert_SaveAdmission_GLApproval_IPcharge_Save -->
