<?xml version="1.0" encoding="UTF-8"?>
<!-- Generated by org.testng.reporters.JUnitReportReporter -->
<testsuite hostname="LAPTOP-OQ5D6T00" failures="0" tests="6" name="BillingTest.OP_Patient_Registration_EncounterCreationADT_OP_to_IP_convert_IP_Charges_Test" time="4.114" errors="1" timestamp="2023-12-08T12:19:03 IST" skipped="5">
  <testcase classname="BillingTest.OP_Patient_Registration_EncounterCreationADT_OP_to_IP_convert_IP_Charges_Test" name="beforeTest" time="4.108">
    <error message="session not created: This version of ChromeDriver only supports Chrome version 114
Current browser version is 120.0.6099.71 with binary path C:\Program Files\Google\Chrome\Application\chrome.exe
Build info: version: &#039;3.141.59&#039;, revision: &#039;e82be7d358&#039;, time: &#039;2018-11-14T08:17:03&#039;
System info: host: &#039;LAPTOP-OQ5D6T00&#039;, ip: &#039;192.168.10.74&#039;, os.name: &#039;Windows 11&#039;, os.arch: &#039;amd64&#039;, os.version: &#039;10.0&#039;, java.version: &#039;20.0.2&#039;
Driver info: driver.version: ChromeDriver
remote stacktrace: Backtrace:
	GetHandleVerifier [0x00F9A813+48355]
	(No symbol) [0x00F2C4B1]
	(No symbol) [0x00E35358]
	(No symbol) [0x00E561AC]
	(No symbol) [0x00E51EF3]
	(No symbol) [0x00E50579]
	(No symbol) [0x00E80C55]
	(No symbol) [0x00E8093C]
	(No symbol) [0x00E7A536]
	(No symbol) [0x00E582DC]
	(No symbol) [0x00E593DD]
	GetHandleVerifier [0x011FAABD+2539405]
	GetHandleVerifier [0x0123A78F+2800735]
	GetHandleVerifier [0x0123456C+2775612]
	GetHandleVerifier [0x010251E0+616112]
	(No symbol) [0x00F35F8C]
	(No symbol) [0x00F32328]
	(No symbol) [0x00F3240B]
	(No symbol) [0x00F24FF7]
	BaseThreadInitThunk [0x76507BA9+25]
	RtlInitializeExceptionChain [0x7750BD2B+107]
	RtlClearBits [0x7750BCAF+191]
" type="org.openqa.selenium.SessionNotCreatedException">
      <![CDATA[org.openqa.selenium.SessionNotCreatedException: session not created: This version of ChromeDriver only supports Chrome version 114
Current browser version is 120.0.6099.71 with binary path C:\Program Files\Google\Chrome\Application\chrome.exe
Build info: version: '3.141.59', revision: 'e82be7d358', time: '2018-11-14T08:17:03'
System info: host: 'LAPTOP-OQ5D6T00', ip: '192.168.10.74', os.name: 'Windows 11', os.arch: 'amd64', os.version: '10.0', java.version: '20.0.2'
Driver info: driver.version: ChromeDriver
remote stacktrace: Backtrace:
GetHandleVerifier [0x00F9A813+48355]
(No symbol) [0x00F2C4B1]
(No symbol) [0x00E35358]
(No symbol) [0x00E561AC]
(No symbol) [0x00E51EF3]
(No symbol) [0x00E50579]
(No symbol) [0x00E80C55]
(No symbol) [0x00E8093C]
(No symbol) [0x00E7A536]
(No symbol) [0x00E582DC]
(No symbol) [0x00E593DD]
GetHandleVerifier [0x011FAABD+2539405]
GetHandleVerifier [0x0123A78F+2800735]
GetHandleVerifier [0x0123456C+2775612]
GetHandleVerifier [0x010251E0+616112]
(No symbol) [0x00F35F8C]
(No symbol) [0x00F32328]
(No symbol) [0x00F3240B]
(No symbol) [0x00F24FF7]
BaseThreadInitThunk [0x76507BA9+25]
RtlInitializeExceptionChain [0x7750BD2B+107]
RtlClearBits [0x7750BCAF+191]

at java.base/jdk.internal.reflect.DirectConstructorHandleAccessor.newInstance(DirectConstructorHandleAccessor.java:67)
at java.base/java.lang.reflect.Constructor.newInstanceWithCaller(Constructor.java:500)
at java.base/java.lang.reflect.Constructor.newInstance(Constructor.java:484)
at org.openqa.selenium.remote.W3CHandshakeResponse.lambda$errorHandler$0(W3CHandshakeResponse.java:62)
at org.openqa.selenium.remote.HandshakeResponse.lambda$getResponseFunction$0(HandshakeResponse.java:30)
at org.openqa.selenium.remote.ProtocolHandshake.lambda$createSession$0(ProtocolHandshake.java:126)
at java.base/java.util.stream.ReferencePipeline$3$1.accept(ReferencePipeline.java:197)
at java.base/java.util.Spliterators$ArraySpliterator.tryAdvance(Spliterators.java:1016)
at java.base/java.util.stream.ReferencePipeline.forEachWithCancel(ReferencePipeline.java:129)
at java.base/java.util.stream.AbstractPipeline.copyIntoWithCancel(AbstractPipeline.java:527)
at java.base/java.util.stream.AbstractPipeline.copyInto(AbstractPipeline.java:513)
at java.base/java.util.stream.AbstractPipeline.wrapAndCopyInto(AbstractPipeline.java:499)
at java.base/java.util.stream.FindOps$FindOp.evaluateSequential(FindOps.java:150)
at java.base/java.util.stream.AbstractPipeline.evaluate(AbstractPipeline.java:234)
at java.base/java.util.stream.ReferencePipeline.findFirst(ReferencePipeline.java:647)
at org.openqa.selenium.remote.ProtocolHandshake.createSession(ProtocolHandshake.java:128)
at org.openqa.selenium.remote.ProtocolHandshake.createSession(ProtocolHandshake.java:74)
at org.openqa.selenium.remote.HttpCommandExecutor.execute(HttpCommandExecutor.java:136)
at org.openqa.selenium.remote.service.DriverCommandExecutor.execute(DriverCommandExecutor.java:83)
at org.openqa.selenium.remote.RemoteWebDriver.execute(RemoteWebDriver.java:552)
at org.openqa.selenium.remote.RemoteWebDriver.startSession(RemoteWebDriver.java:213)
at org.openqa.selenium.remote.RemoteWebDriver.<init>(RemoteWebDriver.java:131)
at org.openqa.selenium.chrome.ChromeDriver.<init>(ChromeDriver.java:181)
at org.openqa.selenium.chrome.ChromeDriver.<init>(ChromeDriver.java:168)
at org.openqa.selenium.chrome.ChromeDriver.<init>(ChromeDriver.java:123)
at BillingTest.OP_Patient_Registration_EncounterCreationADT_OP_to_IP_convert_IP_Charges_Test.beforeTest(OP_Patient_Registration_EncounterCreationADT_OP_to_IP_convert_IP_Charges_Test.java:80)
at java.base/jdk.internal.reflect.DirectMethodHandleAccessor.invoke(DirectMethodHandleAccessor.java:104)
at java.base/java.lang.reflect.Method.invoke(Method.java:578)
at org.testng.internal.invokers.MethodInvocationHelper.invokeMethod(MethodInvocationHelper.java:139)
at org.testng.internal.invokers.MethodInvocationHelper.invokeMethodConsideringTimeout(MethodInvocationHelper.java:69)
at org.testng.internal.invokers.ConfigInvoker.invokeConfigurationMethod(ConfigInvoker.java:390)
at org.testng.internal.invokers.ConfigInvoker.invokeConfigurations(ConfigInvoker.java:325)
at org.testng.TestRunner.invokeTestConfigurations(TestRunner.java:663)
at org.testng.TestRunner.beforeRun(TestRunner.java:652)
at org.testng.TestRunner.run(TestRunner.java:614)
at org.testng.SuiteRunner.runTest(SuiteRunner.java:443)
at org.testng.SuiteRunner.runSequentially(SuiteRunner.java:437)
at org.testng.SuiteRunner.privateRun(SuiteRunner.java:397)
at org.testng.SuiteRunner.run(SuiteRunner.java:336)
at org.testng.SuiteRunnerWorker.runSuite(SuiteRunnerWorker.java:52)
at org.testng.SuiteRunnerWorker.run(SuiteRunnerWorker.java:95)
at org.testng.TestNG.runSuitesSequentially(TestNG.java:1280)
at org.testng.TestNG.runSuitesLocally(TestNG.java:1200)
at org.testng.TestNG.runSuites(TestNG.java:1114)
at org.testng.TestNG.run(TestNG.java:1082)
at org.testng.remote.AbstractRemoteTestNG.run(AbstractRemoteTestNG.java:115)
at org.testng.remote.RemoteTestNG.initAndRun(RemoteTestNG.java:251)
at org.testng.remote.RemoteTestNG.main(RemoteTestNG.java:77)
]]>
    </error>
  </testcase> <!-- beforeTest -->
  <testcase classname="BillingTest.OP_Patient_Registration_EncounterCreationADT_OP_to_IP_convert_IP_Charges_Test" name="TC_01_Verify_Login" time="0.000">
    <skipped/>
  </testcase> <!-- TC_01_Verify_Login -->
  <testcase classname="BillingTest.OP_Patient_Registration_EncounterCreationADT_OP_to_IP_convert_IP_Charges_Test" name="TC_02_Verify_That_User_Is_Able_Fill_The_Basic_Information_To_Registration_Page" time="0.001">
    <skipped/>
  </testcase> <!-- TC_02_Verify_That_User_Is_Able_Fill_The_Basic_Information_To_Registration_Page -->
  <testcase classname="BillingTest.OP_Patient_Registration_EncounterCreationADT_OP_to_IP_convert_IP_Charges_Test" name="TC_03_Verify_That_User_Is_Able_TO_Fill_Encounter_Details" time="0.001">
    <skipped/>
  </testcase> <!-- TC_03_Verify_That_User_Is_Able_TO_Fill_Encounter_Details -->
  <testcase classname="BillingTest.OP_Patient_Registration_EncounterCreationADT_OP_to_IP_convert_IP_Charges_Test" name="TC_04_Verify_User_Can_Fill_ADT_Admission_Form_Convert_Charges_For_OP_To_IP" time="0.004">
    <skipped/>
  </testcase> <!-- TC_04_Verify_User_Can_Fill_ADT_Admission_Form_Convert_Charges_For_OP_To_IP -->
  <testcase classname="BillingTest.OP_Patient_Registration_EncounterCreationADT_OP_to_IP_convert_IP_Charges_Test" name="TC_05_Verify_That_User_Is_Able_to_Add_IP_Charges_For_Patient" time="0.000">
    <skipped/>
  </testcase> <!-- TC_05_Verify_That_User_Is_Able_to_Add_IP_Charges_For_Patient -->
</testsuite> <!-- BillingTest.OP_Patient_Registration_EncounterCreationADT_OP_to_IP_convert_IP_Charges_Test -->
