<?xml version="1.0" encoding="UTF-8"?>
<!-- Generated by org.testng.reporters.JUnitXMLReporter -->
<testsuite ignored="0" hostname="LAPTOP-OQ5D6T00" failures="0" tests="5" name="ADTRequest_AdmissionForm_saveAdmission_IPBill_AddCharges_ApplyDiscount_FullSettlement " time="70.457" errors="0" timestamp="2023-12-15T11:43:13 IST">
  <testcase classname="BillingTest.ADTRequest_AdmissionForm_saveAdmission_IPBill_AddCharges_ApplyGroupDiscount_FullSettlement" name="@BeforeTest beforeTest" time="70.212">
    <failure type="org.openqa.selenium.NoSuchWindowException" message="no such window: target window already closed
from unknown error: web view not found
  (Session info: chrome=114.0.5735.199)
Build info: version: &amp;apos;4.16.0&amp;apos;, revision: &amp;apos;15400459dd*&amp;apos;
System info: os.name: &amp;apos;Windows 11&amp;apos;, os.arch: &amp;apos;amd64&amp;apos;, os.version: &amp;apos;10.0&amp;apos;, java.version: &amp;apos;20.0.2&amp;apos;
Driver info: org.openqa.selenium.chrome.ChromeDriver
Command: [b83b56eb32c890b83111ccf4161fb6de, maximizeCurrentWindow {}]
Capabilities {acceptInsecureCerts: false, browserName: chrome, browserVersion: 114.0.5735.199, chrome: {chromedriverVersion: 114.0.5735.90 (386bc09e8f4f..., userDataDir: C:\Users\Manisha\AppData\Lo...}, goog:chromeOptions: {debuggerAddress: localhost:65296}, networkConnectionEnabled: false, pageLoadStrategy: normal, platformName: windows, proxy: Proxy(), se:cdp: ws://localhost:65296/devtoo..., se:cdpVersion: 114.0.5735.199, setWindowRect: true, strictFileInteractability: false, timeouts: {implicit: 0, pageLoad: 300000, script: 30000}, unhandledPromptBehavior: dismiss and notify, webauthn:extension:credBlob: true, webauthn:extension:largeBlob: true, webauthn:extension:minPinLength: true, webauthn:extension:prf: true, webauthn:virtualAuthenticators: true}
Session ID: b83b56eb32c890b83111ccf4161fb6de">
      <![CDATA[org.openqa.selenium.NoSuchWindowException: no such window: target window already closed
from unknown error: web view not found
  (Session info: chrome=114.0.5735.199)
Build info: version: '4.16.0', revision: '15400459dd*'
System info: os.name: 'Windows 11', os.arch: 'amd64', os.version: '10.0', java.version: '20.0.2'
Driver info: org.openqa.selenium.chrome.ChromeDriver
Command: [b83b56eb32c890b83111ccf4161fb6de, maximizeCurrentWindow {}]
Capabilities {acceptInsecureCerts: false, browserName: chrome, browserVersion: 114.0.5735.199, chrome: {chromedriverVersion: 114.0.5735.90 (386bc09e8f4f..., userDataDir: C:\Users\Manisha\AppData\Lo...}, goog:chromeOptions: {debuggerAddress: localhost:65296}, networkConnectionEnabled: false, pageLoadStrategy: normal, platformName: windows, proxy: Proxy(), se:cdp: ws://localhost:65296/devtoo..., se:cdpVersion: 114.0.5735.199, setWindowRect: true, strictFileInteractability: false, timeouts: {implicit: 0, pageLoad: 300000, script: 30000}, unhandledPromptBehavior: dismiss and notify, webauthn:extension:credBlob: true, webauthn:extension:largeBlob: true, webauthn:extension:minPinLength: true, webauthn:extension:prf: true, webauthn:virtualAuthenticators: true}
Session ID: b83b56eb32c890b83111ccf4161fb6de
at org.openqa.selenium.remote.codec.w3c.W3CHttpResponseCodec.createException(W3CHttpResponseCodec.java:200)
at org.openqa.selenium.remote.codec.w3c.W3CHttpResponseCodec.decode(W3CHttpResponseCodec.java:133)
at org.openqa.selenium.remote.codec.w3c.W3CHttpResponseCodec.decode(W3CHttpResponseCodec.java:52)
at org.openqa.selenium.remote.HttpCommandExecutor.execute(HttpCommandExecutor.java:191)
at org.openqa.selenium.remote.service.DriverCommandExecutor.invokeExecute(DriverCommandExecutor.java:200)
at org.openqa.selenium.remote.service.DriverCommandExecutor.execute(DriverCommandExecutor.java:175)
at org.openqa.selenium.remote.RemoteWebDriver.execute(RemoteWebDriver.java:523)
at org.openqa.selenium.remote.RemoteWebDriver.execute(RemoteWebDriver.java:596)
at org.openqa.selenium.remote.RemoteWebDriver.execute(RemoteWebDriver.java:600)
at org.openqa.selenium.remote.RemoteWebDriver$RemoteWebDriverOptions$RemoteWindow.maximize(RemoteWebDriver.java:1039)
at BillingTest.ADTRequest_AdmissionForm_saveAdmission_IPBill_AddCharges_ApplyGroupDiscount_FullSettlement.beforeTest(ADTRequest_AdmissionForm_saveAdmission_IPBill_AddCharges_ApplyGroupDiscount_FullSettlement.java:80)
... Removed 25 stack frames]]>
    </failure>
  </testcase> <!-- @BeforeTest beforeTest -->
  <testcase classname="BillingTest.ADTRequest_AdmissionForm_saveAdmission_IPBill_AddCharges_ApplyGroupDiscount_FullSettlement" name="TC_01_Verify_Login" time="0.0">
    <skipped/>
  </testcase> <!-- TC_01_Verify_Login -->
  <testcase classname="BillingTest.ADTRequest_AdmissionForm_saveAdmission_IPBill_AddCharges_ApplyGroupDiscount_FullSettlement" name="TC_02_User_Able_To_Do_AdmissionRequestform" time="0.0">
    <skipped/>
  </testcase> <!-- TC_02_User_Able_To_Do_AdmissionRequestform -->
  <testcase classname="BillingTest.ADTRequest_AdmissionForm_saveAdmission_IPBill_AddCharges_ApplyGroupDiscount_FullSettlement" name="TC_03_User_Able_to_Do_ADTRegistartionForm" time="0.0">
    <skipped/>
  </testcase> <!-- TC_03_User_Able_to_Do_ADTRegistartionForm -->
  <testcase classname="BillingTest.ADTRequest_AdmissionForm_saveAdmission_IPBill_AddCharges_ApplyGroupDiscount_FullSettlement" name="TC_04_Verify_User_Can_Fill_ADT_Admission_Form" time="0.0">
    <skipped/>
  </testcase> <!-- TC_04_Verify_User_Can_Fill_ADT_Admission_Form -->
  <testcase classname="BillingTest.ADTRequest_AdmissionForm_saveAdmission_IPBill_AddCharges_ApplyGroupDiscount_FullSettlement" name="TC_05_Verify_That_User_Is_Able_Create_IP_BILL_FullSettelment_Apply_Group_Discount" time="0.0">
    <skipped/>
  </testcase> <!-- TC_05_Verify_That_User_Is_Able_Create_IP_BILL_FullSettelment_Apply_Group_Discount -->
</testsuite> <!-- ADTRequest_AdmissionForm_saveAdmission_IPBill_AddCharges_ApplyDiscount_FullSettlement  -->
