<?xml version="1.0" encoding="UTF-8"?>
<!-- Generated by org.testng.reporters.JUnitXMLReporter -->
<testsuite ignored="0" hostname="LAPTOP-OQ5D6T00" failures="0" tests="5" name="OP_Patient_Registration_EncounterCreationADT_OP_to_IP_convert_IP_Charges_Test" time="4.238" errors="0" timestamp="2023-12-08T12:19:02 IST">
  <testcase classname="BillingTest.OP_Patient_Registration_EncounterCreationADT_OP_to_IP_convert_IP_Charges_Test" name="@BeforeTest beforeTest" time="4.107">
    <failure type="org.openqa.selenium.SessionNotCreatedException" message="session not created: This version of ChromeDriver only supports Chrome version 114
Current browser version is 120.0.6099.71 with binary path C:\Program Files\Google\Chrome\Application\chrome.exe
Build info: version: &amp;apos;3.141.59&amp;apos;, revision: &amp;apos;e82be7d358&amp;apos;, time: &amp;apos;2018-11-14T08:17:03&amp;apos;
System info: host: &amp;apos;LAPTOP-OQ5D6T00&amp;apos;, ip: &amp;apos;192.168.10.74&amp;apos;, os.name: &amp;apos;Windows 11&amp;apos;, os.arch: &amp;apos;amd64&amp;apos;, os.version: &amp;apos;10.0&amp;apos;, java.version: &amp;apos;20.0.2&amp;apos;
Driver info: driver.version: ChromeDriver
remote stacktrace: Backtrace:
	GetHandleVerifier [0x00F9A813+48355]
	(No symbol) [0x00F2C4B1]
	(No symbol) [0x00E35358]
	(No symbol) [0x00E561AC]
	(No symbol) [0x00E51EF3]
	(No symbol) [0x00E50579]
	(No symbol) [0x00E80C55]
	(No symbol) [0x00E8093C]
	(No symbol) [0x00E7A536]
	(No symbol) [0x00E582DC]
	(No symbol) [0x00E593DD]
	GetHandleVerifier [0x011FAABD+2539405]
	GetHandleVerifier [0x0123A78F+2800735]
	GetHandleVerifier [0x0123456C+2775612]
	GetHandleVerifier [0x010251E0+616112]
	(No symbol) [0x00F35F8C]
	(No symbol) [0x00F32328]
	(No symbol) [0x00F3240B]
	(No symbol) [0x00F24FF7]
	BaseThreadInitThunk [0x76507BA9+25]
	RtlInitializeExceptionChain [0x7750BD2B+107]
	RtlClearBits [0x7750BCAF+191]
">
      <![CDATA[org.openqa.selenium.SessionNotCreatedException: session not created: This version of ChromeDriver only supports Chrome version 114
Current browser version is 120.0.6099.71 with binary path C:\Program Files\Google\Chrome\Application\chrome.exe
Build info: version: '3.141.59', revision: 'e82be7d358', time: '2018-11-14T08:17:03'
System info: host: 'LAPTOP-OQ5D6T00', ip: '192.168.10.74', os.name: 'Windows 11', os.arch: 'amd64', os.version: '10.0', java.version: '20.0.2'
Driver info: driver.version: ChromeDriver
remote stacktrace: Backtrace:
GetHandleVerifier [0x00F9A813+48355]
(No symbol) [0x00F2C4B1]
(No symbol) [0x00E35358]
(No symbol) [0x00E561AC]
(No symbol) [0x00E51EF3]
(No symbol) [0x00E50579]
(No symbol) [0x00E80C55]
(No symbol) [0x00E8093C]
(No symbol) [0x00E7A536]
(No symbol) [0x00E582DC]
(No symbol) [0x00E593DD]
GetHandleVerifier [0x011FAABD+2539405]
GetHandleVerifier [0x0123A78F+2800735]
GetHandleVerifier [0x0123456C+2775612]
GetHandleVerifier [0x010251E0+616112]
(No symbol) [0x00F35F8C]
(No symbol) [0x00F32328]
(No symbol) [0x00F3240B]
(No symbol) [0x00F24FF7]
BaseThreadInitThunk [0x76507BA9+25]
RtlInitializeExceptionChain [0x7750BD2B+107]
RtlClearBits [0x7750BCAF+191]

at org.openqa.selenium.remote.W3CHandshakeResponse.lambda$errorHandler$0(W3CHandshakeResponse.java:62)
at org.openqa.selenium.remote.HandshakeResponse.lambda$getResponseFunction$0(HandshakeResponse.java:30)
at org.openqa.selenium.remote.ProtocolHandshake.lambda$createSession$0(ProtocolHandshake.java:126)
at java.base/java.util.stream.ReferencePipeline$3$1.accept(ReferencePipeline.java:197)
at java.base/java.util.Spliterators$ArraySpliterator.tryAdvance(Spliterators.java:1016)
at java.base/java.util.stream.ReferencePipeline.forEachWithCancel(ReferencePipeline.java:129)
at java.base/java.util.stream.AbstractPipeline.copyIntoWithCancel(AbstractPipeline.java:527)
at java.base/java.util.stream.AbstractPipeline.copyInto(AbstractPipeline.java:513)
at java.base/java.util.stream.AbstractPipeline.wrapAndCopyInto(AbstractPipeline.java:499)
at java.base/java.util.stream.FindOps$FindOp.evaluateSequential(FindOps.java:150)
at java.base/java.util.stream.AbstractPipeline.evaluate(AbstractPipeline.java:234)
at java.base/java.util.stream.ReferencePipeline.findFirst(ReferencePipeline.java:647)
at org.openqa.selenium.remote.ProtocolHandshake.createSession(ProtocolHandshake.java:128)
at org.openqa.selenium.remote.ProtocolHandshake.createSession(ProtocolHandshake.java:74)
at org.openqa.selenium.remote.HttpCommandExecutor.execute(HttpCommandExecutor.java:136)
at org.openqa.selenium.remote.service.DriverCommandExecutor.execute(DriverCommandExecutor.java:83)
at org.openqa.selenium.remote.RemoteWebDriver.execute(RemoteWebDriver.java:552)
at org.openqa.selenium.remote.RemoteWebDriver.startSession(RemoteWebDriver.java:213)
at org.openqa.selenium.remote.RemoteWebDriver.<init>(RemoteWebDriver.java:131)
at org.openqa.selenium.chrome.ChromeDriver.<init>(ChromeDriver.java:181)
at org.openqa.selenium.chrome.ChromeDriver.<init>(ChromeDriver.java:168)
at org.openqa.selenium.chrome.ChromeDriver.<init>(ChromeDriver.java:123)
at BillingTest.OP_Patient_Registration_EncounterCreationADT_OP_to_IP_convert_IP_Charges_Test.beforeTest(OP_Patient_Registration_EncounterCreationADT_OP_to_IP_convert_IP_Charges_Test.java:80)
... Removed 25 stack frames]]>
    </failure>
  </testcase> <!-- @BeforeTest beforeTest -->
  <testcase classname="BillingTest.OP_Patient_Registration_EncounterCreationADT_OP_to_IP_convert_IP_Charges_Test" name="TC_01_Verify_Login" time="0.0">
    <skipped/>
  </testcase> <!-- TC_01_Verify_Login -->
  <testcase classname="BillingTest.OP_Patient_Registration_EncounterCreationADT_OP_to_IP_convert_IP_Charges_Test" name="TC_02_Verify_That_User_Is_Able_Fill_The_Basic_Information_To_Registration_Page" time="0.001">
    <skipped/>
  </testcase> <!-- TC_02_Verify_That_User_Is_Able_Fill_The_Basic_Information_To_Registration_Page -->
  <testcase classname="BillingTest.OP_Patient_Registration_EncounterCreationADT_OP_to_IP_convert_IP_Charges_Test" name="TC_03_Verify_That_User_Is_Able_TO_Fill_Encounter_Details" time="0.0">
    <skipped/>
  </testcase> <!-- TC_03_Verify_That_User_Is_Able_TO_Fill_Encounter_Details -->
  <testcase classname="BillingTest.OP_Patient_Registration_EncounterCreationADT_OP_to_IP_convert_IP_Charges_Test" name="TC_04_Verify_User_Can_Fill_ADT_Admission_Form_Convert_Charges_For_OP_To_IP" time="0.0">
    <skipped/>
  </testcase> <!-- TC_04_Verify_User_Can_Fill_ADT_Admission_Form_Convert_Charges_For_OP_To_IP -->
  <testcase classname="BillingTest.OP_Patient_Registration_EncounterCreationADT_OP_to_IP_convert_IP_Charges_Test" name="TC_05_Verify_That_User_Is_Able_to_Add_IP_Charges_For_Patient" time="0.0">
    <skipped/>
  </testcase> <!-- TC_05_Verify_That_User_Is_Able_to_Add_IP_Charges_For_Patient -->
</testsuite> <!-- OP_Patient_Registration_EncounterCreationADT_OP_to_IP_convert_IP_Charges_Test -->
